[01:22:12] [main/INFO]: Loading Minecraft 1.21.11 with Fabric Loader 0.18.2
[01:22:12] [main/INFO]: Fabric is preparing JARs on first launch, this may take a few seconds...
[01:22:12] [main/INFO]: Loading 4 mods:
	- fabricloader 0.18.2
	   \-- mixinextras 0.5.0
	- java 21
	- minecraft 1.21.11
[01:22:12] [main/INFO]: SpongePowered MIXIN Subsystem Version=0.8.7 Source=file:/workspaces/mcserver/servidor_minecraft/libraries/net/fabricmc/sponge-mixin/0.16.5+mixin.0.8.7/sponge-mixin-0.16.5+mixin.0.8.7.jar Service=Knot/Fabric Env=SERVER
[01:22:17] [main/INFO]: Environment: Environment[sessionHost=https://sessionserver.mojang.com, servicesHost=https://api.minecraftservices.com, profilesHost=https://api.mojang.com, name=PROD]
[01:22:18] [main/INFO]: No existing world data, creating new world
[01:22:19] [main/INFO]: Loaded 1470 recipes
[01:22:19] [main/INFO]: Loaded 1584 advancements
[01:22:19] [Server thread/INFO]: Starting minecraft server version 1.21.11
[01:22:19] [Server thread/INFO]: Loading properties
[01:22:19] [Server thread/INFO]: Default game type: SURVIVAL
[01:22:19] [Server thread/INFO]: Generating keypair
[01:22:19] [Server thread/INFO]: Starting Minecraft server on *:25565
[01:22:19] [Server thread/WARN]: **** SERVER IS RUNNING IN OFFLINE/INSECURE MODE!
[01:22:19] [Server thread/WARN]: The server will make no attempt to authenticate usernames. Beware.
[01:22:19] [Server thread/WARN]: While this makes the game possible to play without internet access, it also opens up the ability for hackers to connect with any username they choose.
[01:22:19] [Server thread/WARN]: To change this, set "online-mode" to "true" in the server.properties file.
[01:22:19] [Server thread/INFO]: Preparing level "world"
[01:22:19] [Server thread/INFO]: Selecting global world spawn...
[01:22:25] [Server thread/INFO]: Loading 0 persistent chunks...
[01:22:25] [Server thread/INFO]: Preparing spawn area: 100%
[01:22:25] [Server thread/INFO]: Time elapsed: 5226 ms
[01:22:25] [Server thread/INFO]: Done (5.501s)! For help, type "help"
[01:23:25] [Server thread/INFO]: Server empty for 60 seconds, pausing
